[    0.000000] Initializingcgroup subsys cpuset
[    0.000] Initializing cgroup subsys cpu
[    0.000000] Initializing cgroup subsys cuacct
[    0.000000] Lin version 4.4.0-30-generic (buildd@lgw01-amd64039) (gcc version 5.4.0 20160609 (Ubuntu 5.4.0-6ubuntu1~16.04.9) ) #156-Ubuntu SMP Thu Jun 14 08:53:28 UTC 2018Ubutu 4.4.0-130.156-generic 4.4.134)
[    0.000000] Command line: BOOTIMAGE=/boot/vmlinuz-4.40-130-generic root=LABEL=cloudimg-rotfs o console=tty1 console=ttyS0
[    0.000000] KERNEL supported cpus:
[    0.000000]   Intel GenuineIntel
[    0.000000]   AMD AuthenticAMD
[    0.0000]   Centaur CentaurHauls
[    0.000000] x6/fp: xstate_offset[2]:  576, xstate_sizes[2]:  256
[   0.000000] x86/fu: Supporting XSAVE feature 0x01: 'x87 floating point registers'
[    0.000000] x86/fpu: Supporting XSAVE feature 0x02: 'SSE registers
[    0.000000] x86/fpu: Supporting XSAVE feature 0x04: 'AVX regisers'
[   0.000000] x86/fu: Enabled xstate features 0x7, context size is 832 bytes, using 'stadard' format.
[    0.00000] x86/fpu: Using'eagr' FPU context switches.[    0.00000] e820: BIS-provided physical RAM map:
[    0.000000] BIOS-e820: [mem 0x0000000000000000-0x000000000009fbff] usable
[    0.00000]BIOS-e820:[mem 0x0000000000009fc00-0x000000000009ffff] reserved
[   0.000000 BIOS-e820: [mem 0x0000000000f0000-0x00000000000fffff] reserved
[   0.000000] BIOS-e820: [mem 0x0000000000100000-0x000000003ffeffff] usable
[    0.000000] BIOS-e820: [mem 0x000000003fff0000-0x000000003fffffff] ACPI data
[    0.000000] BIOS-e820: [mm 0x00000000fec00000-x0000000fec00fff] reserved
[   0.00000]BIOS-e820: [mem 0x00000000fee00000-0x00000000fee00fff] reseed
[    0.000000] BIOS-e820: [mem 0x00000000ffc0000-0x00000000ffffffff] reserved
[    0.000000] NX (Execute Disable) proection: active
[   0.000000] SMBIOS .5 present.
[    0.000000] Hypervisor detected: KVM
[    0.0000] e820: laspfn = 0x3fff0 ax_arch_pfn = 0x400000000
[   0.000000] MTRR: Disabled
[    0.000000] x86/PAT: MTRRs disbl, skipping PAT initialization tooo.
    0.000000] CPU MTRRs ll blank- irtualized system.
[    .000000]x86/PAT: Cnfiguraion [0-7]: WB  WT  UC- U  B  WT  UC- UC  
[    0.0000] found SMP MP-table at [mem 0x0009fff0-0x0009ffff mapped at [ffff88000009fff0]
[    .000000] Scanning 1 aeas for low mmory corruption
[    0.000000] RAMDISK: [mem 0x3a4000-0x37549fff]
[    0.000000] ACPI: Earlytable checksumverificatin  disbld
[    0.000000] ACPI: RSDP 0x0000000000E0000 000024 (v02 VBOX  )
[   0.000000] ACPI: XSDT 0x000000003FFF0030 00003C (v01 VBOX  VOXXSDT 00000001ASL  00000061)
[    0.000000] ACPI: FACP 0x000000003FFF00F0 0000F4 (v04 VBOX   VBOXFACP 00000001 ASL  00000061)
[    0.000000] ACPI: DSDT 0x000000003FFF0470 0021FF (v02 VBOX   VBOXBIOS 00000002 INTL 20100528)
[    0.000000] ACPI: FACS 0x000000003FFF0200 000040
[    0.000000] ACPI: FACS 0x000000003FFF0200 000040[    0.00000] CPI: APIC 0x000000003F0240 0000C (v02VBOX  VBOXAPIC 00000001 ASL  00000061)
[    0.000000]ACPI: SDT 0x000000003FFF02A0 0001CC (v01 VBOX  VBOXPUT 00000002 INTL 20100528)
[    0.000000] No NUMA onfiguration found
[   0.000000]Faking a node at [mem 0x0000000000000000-0x000000003ffeffff]
[    0.000000] NODE_DATA(0) allocated [mem 0x3ffeb000-0x3ffeffff]
[    0.000000] kvm-clock: Using msrs 4b64d01 and 4b564d00
[    0.000000] kvm-clock: cpu 0, msr 0:3ffe3001, priry cpu clock
[    0.000000] kvm-clock: using sched offset of 3780299987 cycles
[    0.000000] clocksource: kvmlock: mask: 0xffffffffffffffff macycles: 0x1cd42e4dffb, ma_idle_ns: 881590591483 ns
[   0.000000] Zone ranges:
[    0.000000]   DMA      [mm 0x00000000001000-0x0000000000ffff]
[   0.000000]   DM32    [mem 0x0000000001000000-0x0000003feffff]
[    0.000000]   Normal   empty
[    0.000000]   Dice   empty
[    0.000000] vable zone start fr each node
[    0.000000] Early memory node ranges
[    0.000000]   node   0: [mem 0x0000000000001000-0x000000000009efff]
[   0.000000]   node   0: [mem 0x0000000000100000-0x000000003ffeffff]
[    0.000000] Initmem setunode 0 [mem0x0000000000001000-0x000000003ffeffff]
[    0.000000] ACPI: PM-Timer IO Por: 0x008
[    0.000000] IOAPIC[0]: ac_id 2, version 32, aress 0ec00000, GSI 0-23
[    0.0000] ACPI: INT_SRC_OVR (bus 0 bus_irq 0 global_irq 2 dfl dfl)
[    0.000000 API: INT_SRC_OVR bus 0 bus_irq9 global_irq 9 low level)
[    0.0000] Using ACPI (MADT) for SMP conguration information
[    0.00000] smpbot: Allowing 2 CPUs, 0 hotug CPUs
[    0.000000] PM: Registered nosave memory: me 0x00000000-0x00000fff]
[    0.00000] P: Registered nosave memory: mem 0x009f0000x0009ffff]
[    0.0000] PM: Registre nosave memory [mem 0x000a0000-0x000effff]
[    0.000000] PM: Registered nosae memory: mem 0x000f0000-0x000fffff]
[    0.00000] e820: [mem 0x40000000xfebfffff] available for PCIdevies
[    0.0000] Booting ravirtualized krnel o KVM
[    0.000000] clocksource: refined-jiffies: mask: 0xffffffff max_cycles: 0xffffffff, max_idle_ns: 7645519600211568 ns
[    0.000000] setup_percpu: NR_CPUS:512 nr_cpumask_bits:512 nr_cpu_ids:2 nr_node_ids:1
[    0.000000] PERCPU: Embedded 34 pages/cpu @ffff88003fc00000 s99544 r8192 d31528 u1048576
[    0.000000] PV qspinlock hash table entries: 256 (order: 0, 4096 bytes)
[    0.000000] Built 1 zonelists in Node order, oblity grouping on.  Total pages: 257912
[  0.000000] Policy zone: DMA32
[    0.00000] Kernel command line: BOOT_IMAGE=/boot/vmlinuz-4.4.0-130-generic root=LABEL=cloudimg-rootfs ro onsole=tty1 console=ttyS0
[    0.00000]PID as table ntries: 4096 (order: 3, 32768 yt))
[   0.000000] Memory: 1001612K/1048120K available (8546K kernel code, 1313 rwdata, 4000K rodata, 1516K init, 1316K bss, 4650K reserved, 0K cma-reserved)
[    0.000000] SLB: HWalign=64, Ordr=0-3, MinObjects=0, CPUs=2, Nodes=1
[    0.000000] Kernel/User page tables isolation: enabled
[    0.0000] Hierarchical RCU implementation.
[    0.000000] 	Build-time adjustment of leaf fanout to 64.
[    0.000000] 	RCU restricting CPUs from NR_CPUS=512 to nr_cpu_ids=2.
[   0.0000] RCU: Adjusting geometryfor rcu_fanout_eaf=, nr_cpu_is=
[   0.000000] NR_IRQS:3324 nr_irqs:440 16
[    0.00000] Consle: coour VGA 80x25
[   0.0000] console [t1] enabled
[   0.000000] console[ttyS0] eabled
[   .000000] tsc: Detected 1600.000 MHz processor
[    6.170852] Calibrating delay loop (skipped) preset value.. 3200.00 BogoMIPS (lpj=6400000)
[    6.191961] pid_max: default: 32768 minimum: 301
[    6.194703] ACPI: Core revision 20150930
[    6.199795] ACPI: 2 ACPI AML tables successfully acquired and loaded
[    6.222807] Security Framework initialized
[    6.224093] Yama: becoming mindful.
[    6.225356] AppArmor: AppArmor initialized
[    6.234311] Dentry cache hash table entries: 131072 (order: 8, 1048576 bytes)
[    6.261774] Inode-cache hash table entries: 65536 (order: 7, 524288 bytes)
[    6.279651] Mount-cache hash table entries: 2048 (order: 2, 16384 bytes)
[    6.303450] Mountpoint-cache hash table entries: 2048 (order: 2, 16384 bytes)
[    6.307432] Initializing cgroup subsys io
[    6.310175] Initializing cgroup subsys memory
[    6.314351] Initializing cgroup subsys devices
[    6.328909] Initializing cgroup subsys freezer
[    6.346039] Initializing cgroup subsys net_cls
[    6.373510] Initializing cgroup subsys perf_event
[    6.395511] Initializing cgroup subsys net_prio
[    6.410285] Initializing cgroup subsys hugetlb
[    6.419263] Initializing cgroup subsys pids
[    6.433501] CPU: Physical Processor ID: 0
[    6.439336] CPU: Processor Core ID: 0
[    6.441907] mce: CPU supports 0 MCE banks
[    6.458132] Last level iTLB entries: 4KB 64, 2MB 8, 4MB 8
[    6.477841] Last level dTLB entries: 4KB 64, 2MB 0, 4MB 0, 1GB 4
[    6.503894] Spectre V2 : Mitigation: Full generic retpoline
[    6.521500] Spectre V2 : Speculation control IBPB not-supported IBRS not-supported
[    6.530321] Speculative Store Bypass: Vulnerable
[    6.544347] Freeing SMP alternatives memory: 32K
[    6.569857] ftrace: allocating 32245 entries in 126 pages
[    6.667649] smpboot: APIC(0) Converting physical 0 to logical package 0
[    6.702641] smpboot: Max logical packages: 1
[    6.714342] x2apic enabled
[    6.722264] Switched APIC routing to physical x2apic.
[    6.738262] ..TIMER: vector=0x30 apic1=0 pin1=2 apic2=-1 pin2=-1
[    6.845451] smpboot: CPU0: Intel(R) Core(TM) i5-5250U CPU @ 1.60GHz (family: 0x6, model: 0x3d, stepping: 0x4)
[    6.883562] Performance Events: unsupported p6 CPU model 61 no PMU driver, software events only.
[    6.916249] KVM setup paravirtual spinlock
[    6.924731] x86: Booting SMP configuration:
[    6.927568] .... node  #0, CPUs:      #1
[    6.946254] kvm-clock: cpu 1, msr 0:3ffe3041, secondary cpu clock
[    6.950774] mce: CPU supports 0 MCE banks
[    6.953844] x86: Booted up 1 node, 2 CPUs
[    6.971094] smpboot: Total of 2 processors activated (6400.00 BogoMIPS)
[    6.986771] devtmpfs: initialized
[    6.992291] evm: security.selinux
[    7.005970] evm: security.SMACK64
[    7.008717] evm: security.SMACK64EXEC
[    7.016191] evm: security.SMACK64TRANSMUTE
[    7.023530] evm: security.SMACK64MMAP
[    7.025594] evm: security.ima
[    7.035653] evm: security.capability
[    7.048624] clocksource: jiffies: mask: 0xffffffff max_cycles: 0xffffffff, max_idle_ns: 7645041785100000 ns
[    7.057738] futex hash table entries: 512 (order: 3, 32768 bytes)
[    7.067594] pinctrl core: initialized pinctrl subsystem
[    7.075496] RTC time:  8:31:54, date: 07/24/18
[    7.079651] NET: Registered protocol family 16
[    7.098189] cpuidle: using governor ladder
[    7.126591] cpuidle: using governor menu
[    7.143008] PCCT header not found.
[    7.154744] ACPI: bus type PCI registered
[    7.169798] acpiphp: ACPI Hot Plug PCI Controller Driver version: 0.5
[    7.199663] PCI: Using configuration type 1 for base access
[    7.219217] ACPI: Added _OSI(Module Device)
[    7.226505] ACPI: Added _OSI(Processor Device)
[    7.242692] ACPI: Added _OSI(3.0 _SCP Extensions)
[    7.254477] ACPI: Added _OSI(Processor Aggregator Device)
[    7.262771] ACPI: Executed 1 blocks of module-level executable AML code
[    7.282882] ACPI: Interpreter enabled
[    7.286503] ACPI: (supports S0 S5)
[    7.293425] ACPI: Using IOAPIC for interrupt routing
[    7.319066] PCI: Using host bridge windows from ACPI; if necessary, use "pci=nocrs" and report a bug
[    7.333677] ACPI: PCI Root Bridge [PCI0] (domain 0000 [bus 00-ff])
[    7.336817] acpi PNP0A03:00: _OSC: OS supports [ASPM ClockPM Segments MSI]
[    7.352486] acpi PNP0A03:00: _OSC: not requesting OS control; OS requires [ExtendedConfig ASPM ClockPM MSI]
[    7.383405] acpi PNP0A03:00: fail to add MMCONFIG information, can't access extended PCI configuration space under this bridge.
[    7.407787] PCI host bridge to bus 0000:00
[    7.415256] pci_bus 0000:00: root bus resource [io  0x0000-0x0cf7 window]
[    7.433687] pci_bus 0000:00: root bus resource [io  0x0d00-0xffff window]
[    7.451934] pci_bus 0000:00: root bus resource [mem 0x000a0000-0x000bffff window]
[    7.480905] pci_bus 0000:00: root bus resource [mem 0x40000000-0xfdffffff window]
[    7.490804] pci_bus 0000:00: root bus resource [bus 00-ff]
[    7.507474] pci 0000:00:01.1: legacy IDE quirk: reg 0x10: [io  0x01f0-0x01f7]
[    7.550118] pci 0000:00:01.1: legacy IDE quirk: reg 0x14: [io  0x03f6]
[    7.572690] pci 0000:00:01.1: legacy IDE quirk: reg 0x18: [io  0x0170-0x0177]
[    7.602021] pci 0000:00:01.1: legacy IDE quirk: reg 0x1c: [io  0x0376]
[    7.628538] pci 0000:00:07.0: quirk: [io  0x4000-0x403f] claimed by PIIX4 ACPI
[    7.638729] pci 0000:00:07.0: quirk: [io  0x4100-0x410f] claimed by PIIX4 SMB
[    7.675165] ACPI: PCI Interrupt Link [LNKA] (IRQs 5 9 10 *11)
[    7.690676] ACPI: PCI Interrupt Link [LNKB] (IRQs 5 9 *10 11)
[    7.699241] ACPI: PCI Interrupt Link [LNKC] (IRQs 5 *9 10 11)
[    7.706679] ACPI: PCI Interrupt Link [LNKD] (IRQs 5 9 10 *11)
[    7.715273] ACPI: Enabled 2 GPEs in block 00 to 07
[    7.731759] vgaarb: setting as boot device: PCI:0000:00:02.0
[    7.740387] vgaarb: device added: PCI:0000:00:02.0,decodes=io+mem,owns=io+mem,locks=none
[    7.763542] vgaarb: loaded
[    7.779780] vgaarb: bridge control possible 0000:00:02.0
[    7.796938] SCSI subsystem initialized
[    7.799689] ACPI: bus type USB registered
[    7.804281] usbcore: registered new interface driver usbfs
[    7.822856] usbcore: registered new interface driver hub
[    7.839795] usbcore: registered new device driver usb
[    7.851202] PCI: Using ACPI for IRQ routing
[    7.872123] NetLabel: Initializing
[    7.873391] NetLabel:  domain hash size = 128
[    7.884819] NetLabel:  protocols = UNLABELED CIPSOv4
[    7.890090] NetLabel:  unlabeled traffic allowed by default
[    7.892034] amd_nb: Cannot enumerate AMD northbridges
[    7.908495] clocksource: Switched to clocksource kvm-clock
[    7.924631] AppArmor: AppArmor Filesystem Enabled
[    7.983991] pnp: PnP ACPI init
[    7.994378] pnp: PnP ACPI: found 3 devices
[    8.013771] clocksource: acpi_pm: mask: 0xffffff max_cycles: 0xffffff, max_idle_ns: 2085701024 ns
[    8.068701] NET: Registered protocol family 2
[    8.091471] TCP established hash table entries: 8192 (order: 4, 65536 bytes)
[    8.096119] TCP bind hash table entries: 8192 (order: 5, 131072 bytes)
[    8.099487] TCP: Hash tables configured (established 8192 bind 8192)
[    8.101454] UDP hash table entries: 512 (order: 2, 16384 bytes)
[    8.103418] UDP-Lite hash table entries: 512 (order: 2, 16384 bytes)
[    8.122588] NET: Registered protocol family 1
[    8.128817] pci 0000:00:00.0: Limiting direct PCI/PCI transfers
[    8.139808] pci 0000:00:01.0: Activating ISA DMA hang workarounds
[    8.146701] Unpacking initramfs...
[   10.603812] Freeing initrd memory: 10904K
[   10.614137] RAPL PMU detected, API unit is 2^-32 Joules, 4 fixed counters 10737418240 ms ovfl timer
[   10.661582] hw unit of domain pp0-core 2^-0 Joules
[   10.663248] hw unit of domain package 2^-0 Joules
[   10.665044] hw unit of domain dram 2^-0 Joules
[   10.669260] hw unit of domain pp1-gpu 2^-0 Joules
[   10.683760] platform rtc_cmos: registered platform RTC device (no PNP device found)
[   10.734516] Scanning for low memory corruption every 60 seconds
[   10.753835] audit: initializing netlink subsys (disabled)
[   10.771307] audit: type=2000 audit(1532421116.897:1): initialized
[   10.797320] Initialise system trusted keyring
[   10.809960] HugeTLB registered 2 MB page size, pre-allocated 0 pages
[   10.839392] zbud: loaded
[   10.853794] VFS: Disk quotas dquot_6.6.0
[   10.863378] VFS: Dquot-cache hash table entries: 512 (order 0, 4096 bytes)
[   10.867111] squashfs: version 4.0 (2009/01/31) Phillip Lougher
[   10.896079] fuse init (API version 7.23)
[   10.905635] Key type big_key registered
[   10.927188] Allocating IMA MOK and blacklist keyrings.
[   10.933377] Key type asymmetric registered
[   10.953237] Asymmetric key parser 'x509' registered
[   10.977807] Block layer SCSI generic (bsg) driver version 0.4 loaded (major 249)
[   10.980314] io scheduler noop registered
[   10.981697] io scheduler deadline registered (default)
[   10.986751] io scheduler cfq registered
[   10.988174] pci_hotplug: PCI Hot Plug PCI Core version: 0.5
[   10.989988] pciehp: PCI Express Hot Plug Controller Driver version: 0.4
[   10.992588] ACPI: AC Adapter [AC] (on-line)
[   10.994222] input: Power Button as /devices/LNXSYSTM:00/LNXPWRBN:00/input/input0
[   11.017507] ACPI: Power Button [PWRF]
[   11.044274] input: Sleep Button as /devices/LNXSYSTM:00/LNXSLPBN:00/input/input1
[   11.050825] ACPI: Sleep Button [SLPF]
[   11.053838] ACPI: Battery Slot [BAT0] (battery present)
[   11.055409] GHES: HEST is not enabled!
[   11.063427] Serial: 8250/16550 driver, 32 ports, IRQ sharing enabled
[   11.090307] 0:0: tyS0at I/O 0x3f8  (irq = 4, base_baud = 115200) is a 16550
[   11.272049 Lux agpgart interface v0.103

[   11.374142] loop: module loaded
[   11.386981] scsi host0: ata_piix
[   11.397913] scsi host1: ata_piix
[   11.409938] ata1: PATA max UDMA/33 cmd 0x1f0 ctl 0x3f6 bmdma 0xd000 irq 14
[   11.425701] ata2: PATA max UDMA/33 cmd 0x170 ctl 0x376 bmdma 0xd008 irq 15
[   11.435149] libphy: Fixed MDIO Bus: probed
[   11.437083] tn: UniveralTUN/TAP device driver, 1.6
[   11.589877] tun: (C) 1999-2004 Max Krasnyansky <maxk@qualcomm.com>
[   11.610447] PPP generic river vsion 2.4.

[   11.748736] tsc: Refined TSC clocksource calibration: 1600.855 MHz
[   11.750730] clocksource: tsc: mask: 0xffffffffffffffff max_cycles: 0x17134c9e101, max_idle_ns: 440795253216 ns
[   11.754126] ehci_hcd: USB 2.0 'Enhanced' Host Controller (EHCI) Driver
[   11.770024] ehci-pci: EHCI PCI platform driver
[   11.789421] ehci-platform: EHCI generic platform driver
[   11.833051] ohci_hcd: USB 1.1 'Open' Host Controller (OHCI) Driver
[   11.877598] ohci-pc OHCI PCI platformdriver
[   .021653] oh-platform: OHCI gneric platform driver
[   12.246041] uhci_hcd: USB Universal Host Controller Interface driver
[   12.254271] i8042: PNP: PS/2 Controller [PNP0303:PS2K,PNP0f03:PS2M] at 0x60,0x64 irq 1,12
[   12.261978] serio:i842 KBD port a0x0,0x64 irq 1
[   12.41645] ero:i8042 AUX port at 0x60,0x64 irq 12

[   12.548709] mousedev: PS/2 mouse device common for all mice
[   12.556827] input: AT Translated Set 2 keyboard as /devices/platform/i8042/serio0/input/input2
[   12.560410] rtc_cmos rtc_cmos: rtc core: registered rtc_cmos as rtc0
[   12.562779] rtc_cmos rtc_cmos: alarms up to one day, 114 bytes nvram
[   12.564926] i2c /dev entries driver
[   12.566340] device-mapper: uevent: version 1.0.3
[   12.568096] device-mapper: ioctl: 4.34.0-ioctl (2015-10-28) initialised: dm-devel@redhat.com
[   12.571958] ledtrig-cpu: registered to indicate activity on CPUs
[   12.576972] NET: Registered protocol family 10
[   12.583773] NET: Registered protocol family 17
[   12.586222] Key type dns_resolver registered
[   12.590121] registered taskstats version 1
[   12.592137] Loading compiled-in X.509 certificates
[   12.595659] Loaded X.509 cert 'Build time autogenerated kernel key: b3e0fe4bcd6378c38a2c0a4648abbc1fa5043a22'
[   12.613350] zswap: loaded using pool lzo/zbud
[   12.623363] Key type trusted registered
[   12.645167] Key type encrypted registered
[   12.688366] AppArmor: AppArmor sha1 policy hashing enabled
[   12.717648] ima: No TPM chip found, activating TPM-bypass!
[   12.765428] ima: Allocated hash algorithm: sha1
[   12.790176] evm: HMAC attrs: 0x1
[   12.799839]   Magic number: 10:135:524
[   12.810074] rtc_cmos rtc_cmos: setting system clock to 2018-07-24 08:32:00 UTC (1532421120)
[   12.816544] BIOS EDD facility v0.16 2004-Jun-25, 0 devices found
[   12.823160] EDD information not available.
[   12.826913] Freeing unused kernel memory: 1516K
[   12.848542] Write protecting the kernel read-only data: 14336k
[   13.924463] Freeing unused kernel memory: 1680K
[   14.050486] Freeing unused kernel memory: 96K
Loading, please wait...
starting version 229
[   14.071605] random: udevadm: uninitialized urandom read (16 bytes read, 7 bits of entropy available)
[   14.073001] random: systemd-udevd: uninitialized urandom read (16 bytes read, 7 bits of entropy available)
[   14.073125] random: systemd-udevd: uninitialized urandom read (16 bytes read, 7 bits of entropy available)
[   14.073142] random: systemd-udevd: uninitialized urandom read (16 bytes read, 7 bits of entropy available)
[   14.073162] random: systemd-udevd: uninitialized urandom read (16 bytes read, 7 bits of entropy available)
[   14.123985] random: udevadm: uninitialized urandom read (16 bytes read, 7 bits of entropy available)
[   14.144183] random: systemd-udevd: uninitialized urandom read (16 bytes read, 7 bits of entropy available)
[   14.150938] random: udevadm: uninitialized urandom read (16 bytes read, 7 bits of entropy available)
[   14.152820] random: systemd-udevd: uninitialized urandom read (16 bytes read, 7 bits of entropy available)
[   14.152837] random: systemd-udevd: uninitialized urandom read (16 bytes read, 7 bits of entropy available)
[   14.216502] e1000: Intel(R) PRO/1000 Network Driver - version 7.3.21-k8-NAPI
[   14.220441] e1000: Copyright (c) 1999-2006 Intel Corporation.
[   14.229099] Fusion MPT base driver 3.04.20
[   14.239737] Copyright (c) 1999-2008 LSI Corporation
[   14.251913] Fusion MPT SPI Host driver 3.04.20
[   14.273401] mptbase: ioc0: Initiating bringup
[   14.281139] AVX2 version of gcm_enc/dec engaged.
[   14.289043] AES CTR mode by8 optimization enabled
[   14.341925] ioc0: LSI53C1030 A0: Capabilities={Initiator}
[   14.415450] input: ImExPS/2 Generic Explorer Mouse as /devices/platform/i8042/serio1/input/input4
[   14.548180] scsi host2: ioc0: LSI53C1030 A0, FwRev=00000000h, Ports=1, MaxQ=256, IRQ=20
[   14.689548] scsi 2:0:0:0: Direct-Access     VBOX     HARDDISK         1.0  PQ: 0 ANSI: 5
[   14.704560] scsi target2:0:0: Beginning Domain Validation
[   14.709777] scsi target2:0:0: Domain Validation skipping write tests
[   14.720956] scsi target2:0:0: Ending Domain Validation
[   14.735738] scsi target2:0:0: asynchronous
[   14.744833] scsi 2:0:1:0: Direct-Access     VBOX     HARDDISK         1.0  PQ: 0 ANSI: 5
[   14.805023] scsi target2:0:1: Beginning Domain Validation
[   14.823866] scsi target2:0:1: Domain Validation skipping write tests
[   14.826520] scsi target2:0:1: Ending Domain Validation
[   14.828894] scsi target2:0:1: asynchronous
[   14.850232] sd 2:0:0:0: Attached scsi generic sg0 type 0
[   14.852952] sd 2:0:0:0: [sda] 20971520 512-byte logical blocks: (10.7 GB/10.0 GiB)
[   14.871057] sd 2:0:1:0: Attached scsi generic sg1 type 0
[   14.893343] sd 2:0:1:0: [sdb] 20480 512-byte logical blocks: (10.5 MB/10.0 MiB)
[   14.913331] sd 2:0:0:0: [sda] Write Protect is off
[   14.934018] sd 2:0:1:0: [sdb] Write Protect is off
[   14.951659] sd 2:0:0:0: [sda] Incomplete mode parameter data
[   14.966903] sd 2:0:0:0: [sda] Assuming drive cache: write through
[   14.985101] sd 2:0:1:0: [sdb] Incomplete mode parameter data
[   15.014593] sd 2:0:1:0: [sdb] Assuming drive cache: write through
[   15.034391]  sda: sda1
[   15.037764] sd 2:0:0:0: [sda] Attached SCSI disk
[   15.055975] sd 2:0:1:0: [sdb] Attached SCSI disk
[   15.253346] e1000 0000:00:03.0 eth0: (PCI:33MHz:32-bit) 02:c5:fa:e6:4f:6d
[   15.255981] e1000 0000:00:03.0 eth0: Intel(R) PRO/1000 Network Connection
[   15.782283] e1000 0000:00:08.0 eth1: (PCI:33MHz:32-bit) 08:00:27:a7:cf:3e
[   15.798612] e1000 0000:00:08.0 eth1: Intel(R) PRO/1000 Network Connection
[   15.804220] e1000 0000:00:08.0 enp0s8: renamed from eth1
[   15.837246] e1000 0000:00:03.0 enp0s3: renamed from eth0
Begin: Loading essential drivers[   17.343917] md: linear personality registered for level -1
 ... [   17.363210] md: multipath personality registered for level -4
[   17.393635] md: raid0 personality registered for level 0
[   17.411639] md: raid1 personality registered for level 1
[   17.500994] raid6: sse2x1   gen()  2333 MB/s
[   17.584958] raid6: sse2x1   xor()  1705 MB/s
[   17.673009] raid6: sse2x2   gen()  4113 MB/s
[   17.744897] raid6: sse2x2   xor()  4004 MB/s
[   17.812794] raid6: sse2x4   gen()  9050 MB/s
[   17.884991] raid6: sse2x4   xor()  6437 MB/s
[   17.964778] raid6: avx2x1   gen() 13147 MB/s
[   18.036623] raid6: avx2x2   gen() 15241 MB/s
[   18.105048] raid6: avx2x4   gen() 15983 MB/s
[   18.129516] raid6: using algorithm avx2x4 gen() 15983 MB/s
[   18.132916] raid6: using avx2x2 recovery algorithm
[   18.140405] xor: automatically using best checksumming function:
[   18.180864]    avx       : 21809.000 MB/sec
[   18.185321] async_tx: api initialized (async)
[   18.204711] md: raid6 personality registered for level 6
[   18.206640] md: raid5 personality registered for level 5
[   18.220992] md: raid4 personality registered for level 4
[   18.235660] md: raid10 personality registered for level 10
done.
Begin: Running /scripts/init-premount ... done.
Begin: Mounting root file system ... Begin: Running /scripts/local-top ... done.
Begin: Running /scripts/local-premount ... [   18.299092] Btrfs loaded
Scanning for Btrfs filesystems
done.
Warning: fsck not present, so skipping root file system
[   18.362227] EXT4-fs (sda1): mounted filesystem with ordered data mode. Opts: (null)
done.
Begin: Running /scripts/local-bottom ... done.
Begin: Running /scripts/init-bottom ... done.
[   18.565124] systemd[1]: systemd 229 running in system mode. (+PAM +AUDIT +SELINUX +IMA +APPARMOR +SMACK +SYSVINIT +UTMP +LIBCRYPTSETUP +GCRYPT +GNUTLS +ACL +XZ -LZ4 +SECCOMP +BLKID +ELFUTILS +KMOD -IDN)
[   18.577165] systemd[1]: Detected virtualization oracle.
[   18.578973] systemd[1]: Detected architecture x86-64.

Welcome to [1mUbuntu 16.04.4 LTS[0m!

[   18.613714] systemd[1]: St hostname to <ubunt>.

[   18.690281] systemd[1]: Initializing machine ID from random generator.
[   18.699661] systemd[1]: Installed transient /etc/machine-id file.
[   19.096777] systemd[1]: Started Forward Password Requests to Wall Directory Watch.
[[0;32m  OK  [0m] Started Forward Password Requests to Wall Directory Watch.
[   19.112060] systemd[1]: Listening on Journal Socket (/dev/log).
[[0;32m  OK  [0m] Listening on Journal Socket (/dev/log).
[  19.149526] systemd[1]: Created slice User and Session lie.

[[0;32m  OK  [0m] Created slice User and Session Slice.
[   19.309335] systemd[1]: Started Trigger resolvconf update for networkd DNS.
[[0;32m  OK  [0m] Started Trigger resolvconf update for networkd DNS.
[   19.323037] systemd[1]: Set up automount Arbitrary Executable File Formats File System Automount Point.
[[0;32m  OK  [0m] Set up automount Arbitrary Executab...ats File System Automount Point.
[   19.368771] systemd[1]: Listeningn udev Kernel Scket.

[[0;32m  OK  [0m] Listening on udev Kernel Socket.
[  19.478138] systemd[]: Listening on Syslog Socket.
[[0;32m  OK  [0m] Listening on Syslog Socket.
[   19.550134] systemd[1]: Listening on udev Control Socket.
[[0;32m  OK  [0m] Listening on udev Control Socket.
[  19.577845] systemd[1]: Reached target System Time Synchronized.

[[0;32m  OK  [0m] Reached target System Time Synchronized.
[   19.618921] systemd[1]: Created slice System Slice.
[[0;32m  OK  [0m] Created slice System Slice.
[   1953944] systemd[1: Created slice syste-srial\x2dgetty.slice.

[[0;32m  OK  [0m] Created slice system-serial\x2dgetty.slice.
[   19.813462] systemd[1]: Reached target Slices.
[[0;32m  OK  [0m] Reached target Slices.
[   19.824359] systemd[1]: Listening on LVM2 poll daemon socket.
[[0;32m  OK  [0m] Listening on LVM2 poll daemon socket.
[   19.846060] systemd[1]: Reached target Encrypted Volumes.
[[0;32m  OK  [0m] Reached target Encrypted Volumes.
[   19.864722] systemd[1]: Reached target User and Group Name Lookups.
[[0;32m  OK  [0m] Reached target User and Group Name Lookups.
[  19.96529] systemd[1]: Listening on Device-mapper event daemon FIFOs.
[[0;32m  OK  [0m] Listening on Device-mapper event daemon FIFOs.
[   20.081570] systemd[1]: istening on Journal Socket.

[[0;32m  OK  [0m] Listening on Journal Socket.
[   20.145198] systemd[1]: Starting Load Kernel Modules...
         Starting Load Kernel Modules...
[   20.161902] systemd[1]: Starting Uncomplicated firewall...
         Starting Uncomplicated firewall...
[   20.173718] systemd[1]: Mounting Huge Pages File System...
[   20.175633] Loading iSCSI transport class v2.0-870.
         Mounting Huge Pages File System.[   20.198728] iscsi: registered transport (tcp)
..
[   20.228831] systemd[1]: Mounting POSIX Message Queue File System...
         Mounting POSIX Message Queue File System...
[   20.250310] iscsi: registered transport (iser)
[   20.252695] systemd[1]: Mounting Debug File System...
         Mounting Debug File System...
[   20.281016] systemd[1]: Starting Remount Root and Kernel File Systems...
[   20.282656] random: nonblocking pool is initialized
[   20.289841] EXT4-fs (sda1): re-mounted. Opts: (null)
         Starting Remount Root and Kernel File Systems...
[   20.312970] systemd[1]: Starting Create list of required static device nodes for the current kernel...
         Starting Create list of required st... nodes for the current kernel...
[   20.334956] systemd[1]: Starting Nameserver information manager...
         Starting Nameserver information manager...
[   20.353631] systemd[1]: Starting Set console keymap...
         Starting Set console keymap...
[   20.363558] systemd[1]: Listening on LVM2 metadata daemon socket.
[[0;32m  OK  [0m] Listening on LVM2 metadata daemon socket.
[   20.392857] systemd[1]: Starting Monitoring of LVM2 mirrors, snapshots etc. using dmeventd or progress polling...
         Starting Monitoring of LVM2 mirrors... dmeventd or progress polling...
[   20.434731] systemd[1]: Reached target Swap.
[[0;32m  OK  [0m] Reached target Swap.
[   20.444286] systemd[1]: Listening on /dev/initctl Compatibility Named Pipe.
[[0;32m  OK  [0m] Listening on /dev/initctl Compatibility Named Pipe.
[   20.458165] systemd[1]: Listening on Journal Audit Socket.
[[0;32m  OK  [0m] Listening on Journal Audit Socket.
[   20.485115] systemd[1]: Starting Journal Service...
         Starting Journal Service...
[   20.498882] systemd[1]: Mounted POSIX Message Queue File System.
[[0;32m  OK  [0m] Mounted POSIX Message Queue File System.
[   20.528002] systemd[1]: Mounted Huge Pages File System.
[[0;32m  OK  [0m] Mounted Huge Pages File System.
[   20.553689] systemd[1]: Mounted Debug File System.
[[0;32m  OK  [0m] Mounted Debug File System.
[   20.585913] systemd[1]: Started Journal Service.
[[0;32m  OK  [0m] Started Journal Service.
[[0;32m  OK  [0m] Started Load Kernel Modules.
[[0;32m  OK  [0m] Started Uncomplicated firewall.
[[0;32m  OK  [0m] Started Remount Root and Kernel File Systems.
[[0;32m  OK  [0m] Started Create list of required sta...ce nodes for the current kernel.
[[0;32m  OK  [0m] Started Set console keymap.
[[0;32m  OK  [0m] Started Nameserver information manager.
[[0;32m  OK  [0m] Started LVM2 metadata daemon.
         Starting Create Static Device Nodes in /dev...
         Starting Load/Save Random Seed...
         Starting udev Coldplug all Devices...
         Mounting FUSE Control File System...
         Starting Apply Kernel Variables...
         Starting Flush Journal to Persistent Storage...
[[0;32m  OK  [0m] Mounted FUSE Control File System.
[[0;32m  OK  [0m] Started Create Static Device Nodes in /dev.
[[0;32m  OK  [0m] Started Load/Save Random Seed.
[[0;32m  OK  [0m] Started Apply Kernel Variables.
[[0;32m  OK  [0m] Started udev Coldplug all Devices.
[[0;32m  OK  [0m] Started Flush Journal to Persistent Storage.
         Starting udev Kernel Device Manager...
[[0;32m  OK  [0m] Started Monitoring of LVM2 mirrors,...ng dmeventd or progress polling.
[[0;32m  OK  [0m] Started udev Kernel Device Manager.
[[0;32m  OK  [0m] Started Dispatch Password Requests to Console Directory Watch.
[[0;32m  OK  [0m] Reached target Local File Systems (Pre).
[[0;32m  OK  [0m] Reached target Local File Systems.
         Starting LSB: AppArmor initialization...
         Starting Initial cloud-init job (pre-networking)...
         Starting Set console font and keymap...
         Starting Tell Plymouth To Write Out Runtime Data...
         Starting Commit a transient machine-id on disk...
         Starting Create Volatile Files and Directories...
[[0;32m  OK  [0m] Started Tell Plymouth To Write Out Runtime Data.
[[0;32m  OK  [0m] Started Commit a transient machine-id on disk.
[[0;32m  OK  [0m] Started Create Volatile Files and Directories.
[[0;32m  OK  [0m] Found device /dev/ttyS0.
         Starting Update UTMP about System Boot/Shutdown...
[[0;32m  OK  [0m] Started Update UTMP about System Boot/Shutdown.
[[0;32m  OK  [0m] Listening on Load/Save RF Kill Switch Status /dev/rfkill Watch.
[[0;32m  OK  [0m] Started Set console font and keymap.
[[0;32m  OK  [0m] Created slice system-getty.slice.
[   16.193314] cloud-init[492]: Cloud-init v. 18.2 running 'init-local' at Tue, 24 Jul 2018 08:32:10 +0000. Up 15.63 seconds.
[[0;32m  OK  [0m] Started LSB: AppArmor initialization.
[[0;32m  OK  [0m] Started Initial cloud-init job (pre-networking).
[[0;32m  OK  [0m] Reached target Network (Pre).
         Starting Raise network interfaces...
[[0;32m  OK  [0m] Started Raise network interfaces.
         Starting Initial cloud-init job (metadata service crawler)...
[[0;32m  OK  [0m] Reached target Network.
[   18.312352] cloud-init[969]: Cloud-init v. 18.2 running 'init' at Tue, 24 Jul 2018 08:32:12 +0000. Up 17.15 seconds.
[   18.357015] cloud-init[969]: ci-info: ++++++++++++++++++++++++++++++++++++++Net device info++++++++++++++++++++++++++++++++++++++
[   18.398572] [[0;32m  OK  [0m] Started Initial cloud-init job (metadata service crawler).
cloud-init[969]: ci-info: +--------+-------+----------------------------+---------------+-------+-------------------+
[   18.430287] [cloud-init[0;32m  OK  [0m[969]: ] ci-info: | Device |   Up  |          Address           |      Mask     | Scope |     Hw-Address    |Reached target Network is Online.

[   18.431419] cloud-init[969]: ci-info: +--------+-------+----------------------------+---------------+-------+-------------------+
[   18.493075]          cloud-initStarting iSCSI initiator daemon (iscsid)...[969]: 
ci-info: | enp0s3 |  True |         10.0.2.15          | 255.255.255.0 |   .   | 02:c5:fa:e6:4f:6d |
[   18.544344] [cloud-init[0;32m  OK  [0m[969]: ] ci-info: | enp0s3 |  True | fe80::c5:faff:fee6:4f6d/64 |       .       |  link | 02:c5:fa:e6:4f:6d |Reached target System Initialization.

[   18.545786] [cloud-init[0;32m  OK  [0m[969]: ] ci-info: | enp0s8 | False |             .              |       .       |   .   | 08:00:27:a7:cf:3e |Listening on ACPID Listen Socket.

[[0;32m  OK  [0m] Started Daily apt download activities.
[   18.735780] [cloud-init[0;32m  OK  [0m[969]: ] ci-info: |   lo   |  True |         127.0.0.1          |   255.0.0.0   |   .   |         .         |Started Daily apt upgrade and clean activities.

[   18.777149] [cloud-init[0;32m  OK  [0m[969]: ] ci-info: |   lo   |  True |          ::1/128           |       .       |  host |         .         |Started ACPI Events Check.

[   18.778414] [[0;32m  OK  [0m] Reached target Paths.
         Starting Socket activation for snappy daemon.
[[0;32m  OK  [0m] Listening on UUID daemon activation socket.
cloud-init[969]: ci-info: +--------+-------+----------------------------+---------------+-------+-------------------+
[   18.884834] [[0;32m  OK  [0m] Listening on D-Bus System Message Bus Socket.
cloud-init[969]: ci-info: +++++++++++++++++++++++++++Route IPv4 info++++++++++++++++++++++++++++
[   18.954571]          Starting LXD - unix socket.
[[0;32m  OK  [0m] Started Daily Cleanup of Temporary Directories.
[[0;32m  OK  [0m] Reached target Timers.
cloud-init[969]: ci-info: +-------+-------------+----------+---------------+-----------+-------+
[[0;32m  OK  [0m] Reached target Cloud-config availability.
[   18.957390] cloud-init[969]: ci-info: | Route | Destination | Gateway  |    Genmask    | Interface | Flags |
[[0;32m  OK  [0m] Listening on Socket activation for snappy daemon.
[[0;32m  OK  [0m] Listening on LXD - unix socket.
[   19.017529] cloud-init[969]: ci-info: +-------+-------------+----------+---------------+-----------+-------+
[   19.080678] [cloud-init[0;32m  OK  [0m[969]: ] ci-info: |   0   |   0.0.0.0   | 10.0.2.2 |    0.0.0.0    |   enp0s3  |   UG  |Started iSCSI initiator daemon (iscsid).

         Starting Login to default iSCSI targets...
[[0;32m  OK  [0m] Reached target Sockets.
[[0;32m  OK  [0m] Reached target Basic System.
[   19.107647] cloud-init[969]: ci-info: |   1   |   10.0.2.0  | 0.0.0.0  | 255.255.255.0 |   enp0s3  |   U   |
[   19.176826] [cloud-init[0;32m  OK  [0m[969]: ] ci-info: +-------+-------------+----------+---------------+-----------+-------+Started Deferred execution scheduler.

[   19.178082] cloud-init[969]: Generating public/private rsa key pair.
[   19.236260]          cloud-initStarting Login Service...[969]: 
Your identification has been saved in /etc/ssh/ssh_host_rsa_key.
[   19.275470] cloud-init[969]: Your public key has been saved in /etc/ssh/ssh_host_rsa_key.pub.
[   19.276270] cloud-init[969]: The key fingerprint is:
         Starting Accounts Service...
[   19.276981] cloud-init[969]: SHA256:ZYn29HFHCrfcBQeA2/foAAMa+L8dV6OnrDMc1iqOlXY root@ubuntu-xenial
[   19.336650] cloud-init[969]: The key's randomart image is:
[   19.357112] cloud-init[969]: +---[RSA 2048]----+
[[0;32m  OK  [0m] Started Regular background program processing daemon.
[   19.410683] cloud-init[969]: |     .     .o.+o+|
[   19.442182] cloud-init[969]: |    . . .... + *.|
[   19.464586] cloud-init[969]: |     . oo.=o. = o|         
Starting System Logging Service...
         Starting LXD - container startup/shutdown...
[   19.493675] [[0;32m  OK  [0m] Started Unattended Upgrades Shutdown.
cloud-init[969]: |      o. =+..o+. |
[   19.528444] cloud-init         Starting /etc/rc.local Compatibility...
[969]: |       .S .+.+ + |
[   19.546435]          Starting Pollinate to seed the pseudo random number generator...
cloud-init[969]: |        ..+ = o .|
[   19.596378] [[0;32m  OK  [0m] Started FUSE filesystem for LXC.
cloud-init[969]: |        +=E* =   |
[   19.620368]          cloud-initStarting LSB: MD monitoring daemon...[969]: 
|       +o.* o .  |
[   19.664909]          cloud-initStarting LSB: Record successful boot for GRUB...[969]: 
|      .....+     |
[[0;32m  OK  [0m] Started ACPI event daemon.
[   19.712422] cloud-init[969]: +----[SHA256]-----+
[   19.728593] cloud-init[969]: Generating public/private dsa key pair.
[   19.733296] cloud-init[969]: Your identification has been saved in /etc/ssh/ssh_host_dsa_key.
[   19.744573] cloud-init[969]: Your public key has been saved in /etc/ssh/ssh_host_dsa_key.pub.
[   19.744976] cloud-init[969]: The key fingerprint is:
[   19.745899] cloud-init[969]: SHA256:FTFvoMa0yg59O4AkWxaid3fZMzI/l0P2DSp7HG//7LQ root@ubuntu-xenial
[   19.746204] cloud-init[969]: The key's randomart image is:
[   19.746495]          Starting Apply the settings specified in cloud-config...
         Starting Virtualbox guest utils...
[[0;32m  OK  [0m] Started D-Bus System Message Bus.
cloud-init[969]: +---[DSA 1024]----+
[   19.804884] cloud-init[969]: |  . .   . =.     |
[   19.845309] cloud-init[969]: | . . . o = =     |
         Starting Snappy daemon...
[[0;32m  OK  [0m[   19.881230] cloud-init[969]: |. o = . X = = .  |
[   19.920612] cloud-init[969]: | . B = + = * + o |
[   19.920693] cloud-init[969]: |  . o = S + * . .|
[   19.920767] cloud-init[969]: |     o o . * +   |
[   19.920836] cloud-init[969]: |      . o . o o .|
[   19.920908] cloud-init[969]: |         . . . +.|
[   19.920975] cloud-init[969]: |               E*|
[   19.921052] cloud-init[969]: +----[SHA256]-----+
[   19.921121] cloud-init[969]: Generating public/private ecdsa key pair.
[   19.921186] cloud-init[969]: Your identification has been saved in /etc/ssh/ssh_host_ecdsa_key.
[   19.921254] cloud-init[969]: Your public key has been saved in /etc/ssh/ssh_host_ecdsa_key.pub.
[   19.921323] cloud-init[969]: The key fingerprint is:
[   19.921393] cloud-init[969]: SHA256:EYJnh3hMjK/Hhftn8YrUnK14S6jcuIaej9AijrOAt/Y root@ubuntu-xenial
[   19.921465] cloud-init[969]: The key's randomart image is:
[   19.921534] cloud-init[969]: +---[ECDSA 256]---+
[   19.921603] cloud-init[969]: |     Bo..        |
[   19.921684] cloud-init[969]: |    + B...       |
[   19.921757] cloud-init[969]: |     = o.        |
[   19.921883] cloud-init[969]: |      o ..       |
[   19.921962] cloud-init[969]: |     o oS        |
[   19.922029] cloud-init[969]: |.  .. +  +.o     |
[   19.922102] cloud-init[969]: |+ + .o .o =o.    |
[   19.922170] cloud-init[969]: |=o.+.+.=.++..    |
[   19.922242] cloud-init[969]: |o=.oEo*.+++o     |
[   19.922314] cloud-init[969]: +----[SHA256]-----+
[   19.922382] cloud-init[969]: Generating public/private ed25519 key pair.
[   19.922454] cloud-init[969]: Your identification has been saved in /etc/ssh/ssh_host_ed25519_key.
[   19.922516] cloud-init[969]: Your public key has been saved in /etc/ssh/ssh_host_ed25519_key.pub.
[   19.922588] cloud-init[969]: The key fingerprint is:
[   19.922650] cloud-init[969]: SHA256:Raf1cc9jRzYOvF5wlInWcqvAHivGz/oR/uPoOrKHZNE root@ubuntu-xenial
[   19.922716] cloud-init[969]: The key's randomart image is:
[   19.922783] cloud-init[969]: +--[ED25519 256]--+
[   19.922852] cloud-init[969]: |          . +.=o*|
[   19.922922] cloud-init[969]: |         . + Bo%o|
[   19.922992] cloud-init[969]: |        . + . B+=|
[   19.923066] cloud-init[969]: |       . E + ..oo|
[   19.923751] cloud-init[969]: |        S ..= o  |
[   19.923899] cloud-init[969]: |       o +.o.o   |
[   19.923977] cloud-init[969]: |      o o +o     |
[   19.924049] cloud-init[969]: |       o o o+.   |
[   19.924131] cloud-init[969]: |       .+o*+.o.  |
[   19.924198] cloud-init[969]: +----[SHA256]-----+
] Started System Logging Service.
[[0;32m  OK  [0m] Started Snappy daemon.
[[0;32m  OK  [0m] Started LXD - container startup/shutdown.
[[0;32m  OK  [0m] Started /etc/rc.local Compatibility.
[[0;32m  OK  [0m] Started Pollinate to seed the pseudo random number generator.
[[0;32m  OK  [0m] Started Login to default iSCSI targets.
[[0;32m  OK  [0m] Started LSB: MD monitoring daemon.
[[0;32m  OK  [0m] Started LSB: Record successful boot for GRUB.
[[0;32m  OK  [0m] Started Login Service.
         Starting Authenticate and Authorize Users to Run Privileged Tasks...
[[0;32m  OK  [0m] Reached target Remote File Systems (Pre).
[[0;32m  OK  [0m] Reached target Remote File Systems.
         Starting LSB: daemon to balance interrupts for SMP systems...
         Starting LSB: Set the CPU Frequency Scaling governor to "ondemand"...
         Starting Permit User Sessions...
         Starting LSB: automatic crash report generation...
         Starting OpenBSD Secure Shell server...
         Starting Wait until snapd is fully seeded...
[[0;32m  OK  [0m] Started Permit User Sessions.
[[0;32m  OK  [0m] Started Authenticate and Authorize Users to Run Privileged Tasks.
[[0;32m  OK  [0m] Started Accounts Service.
[[0;32m  OK  [0m] Started OpenBSD Secure Shell server.
         Starting Hold until boot process finishes up...
         Starting Terminate Plymouth Boot Screen...
[[0;32m  OK  [0m] Started LSB: Set the CPU Frequency Scaling governor to "ondemand".
[[0;32m  OK  [0m] Started Hold until boot process finishes up.
[[0;32m  OK  [0m] Started Terminate Plymouth Boot Screen.
         Starting Set console scheme...
[[0;32m  OK  [0m] Started Serial Getty on ttyS0.
[[0;32m  OK  [0m] Started Getty on tty1.
[[0;32m  OK  [0m] Reached target Login Prompts.
[[0;32m  OK  [0m] Started Virtualbox guest utils.
[[0;32m  OK  [0m] Started LSB: daemon to balance interrupts for SMP systems.
[[0;32m  OK  [0m] Started LSB: automatic crash report generation.
[[0;32m  OK  [0m] Started Set console scheme.
[[0;32m  OK  [0m] Created slice User Slice of vagrant.
[   21.800965] cloud-init[1144]: Generating locales (this might take a while)...
         Starting User Manager for UID 1000...
[[0;32m  OK  [0m] Started Session 1 of user vagrant.
[[0;32m  OK  [0m] Started User Manager for UID 1000.
[[0;32m  OK  [0m] Started Wait until snapd is fully seeded.
[[0;32m  OK  [0m] Reached target Multi-User System.
[[0;32m  OK  [0m] Reached target Graphical Interface.
         Starting Update UTMP about System Runlevel Changes...
[[0;32m  OK  [0m] Started Update UTMP about System Runlevel Changes.
[   23.422074] cloud-init[1144]:   en_US.UTF-8... done
[   23.469047] cloud-init[1144]: Generation complete.
[   24.223112] cloud-init[1144]: Cloud-init v. 18.2 running 'modules:config' at Tue, 24 Jul 2018 08:32:15 +0000. Up 20.74 seconds.
[[0;32m  OK  [0m] Started Apply the settings specified in cloud-config.
         Starting Execute cloud user/final scripts...
         Stopping User Manager for UID 1000...
[[0;32m  OK  [0m] Stopped User Manager for UID 1000.
[[0;32m  OK  [0m] Removed slice User Slice of vagrant.
[[0;32m  OK  [0m] Created slice User Slice of vagrant.
         Starting User Manager for UID 1000...
[[0;32m  OK  [0m] Started User Manager for UID 1000.
[[0;32m  OK  [0m] Started Session 2 of user vagrant.
ci-info: no authorized ssh keys fingerprints found for user ubuntu.
<14>Jul 24 08:32:20 ec2: 
<14>Jul 24 08:32:20 ec2: #############################################################
<14>Jul 24 08:32:20 ec2: -----BEGIN SSH HOST KEY FINGERPRINTS-----
<14>Jul 24 08:32:20 ec2: 1024 SHA256:FTFvoMa0yg59O4AkWxaid3fZMzI/l0P2DSp7HG//7LQ root@ubuntu-xenial (DSA)
<14>Jul 24 08:32:20 ec2: 256 SHA256:EYJnh3hMjK/Hhftn8YrUnK14S6jcuIaej9AijrOAt/Y root@ubuntu-xenial (ECDSA)
<14>Jul 24 08:32:20 ec2: 256 SHA256:Raf1cc9jRzYOvF5wlInWcqvAHivGz/oR/uPoOrKHZNE root@ubuntu-xenial (ED25519)
<14>Jul 24 08:32:20 ec2: 2048 SHA256:ZYn29HFHCrfcBQeA2/foAAMa+L8dV6OnrDMc1iqOlXY root@ubuntu-xenial (RSA)
<14>Jul 24 08:32:20 ec2: -----END SSH HOST KEY FINGERPRINTS-----
<14>Jul 24 08:32:20 ec2: #############################################################
-----BEGIN SSH HOST KEY KEYS-----
ecdsa-sha2-nistp256 AAAAE2VjZHNhLXNoYTItbmlzdHAyNTYAAAAIbmlzdHAyNTYAAABBBPXp6qkA39D5BWAW+fMyDqGb/kPvizIjrUDTwPenrATYN1Os/zinox2HfU9BpC3OokDpRZ2vZAdnXjTo1k/10is= root@ubuntu-xenial
ssh-ed25519 AAAAC3NzaC1lZDI1NTE5AAAAIFf14CSBdobOfgROBgCYptrSvvdvSoiO8QKtOzQsZiUf root@ubuntu-xenial
ssh-rsa AAAAB3NzaC1yc2EAAAADAQABAAABAQCW+onkI3fUJaXy/8+3vK34uUv5dmNHKCIQ17pLSes3OFIMqEfyKAUZFsdPoGw2wARi5TeZtdMCVv4vFhoHZ0GoCsftmrbPNyhXkLC7Ok25wxSSm+j7/S7D94gAYwo5h9A4VZ+MMOze0ZevZK+sStxRUIJrnKh5gdLJ+fRFJXKn91bs/A1R5cm0gDg8OxjIAPNWCQDI8e3zrAjxHrYRxJAjzaSMTmJ22PpYi2w6m5CZKCM6erggyOdZ/e+5ttACE1KC5c0WOweJXlvh4XlYtqEQ2gDw25FvA0TKBHk9cDPVJG8YFtEMCA6inkQpQH9emXEXQuHT2Jcy3L4LwWH8DTJd root@ubuntu-xenial
-----END SSH HOST KEY KEYS-----
[   25.805536] cloud-init[1496]: Cloud-init v. 18.2 running 'modules:final' at Tue, 24 Jul 2018 08:32:19 +0000. Up 25.06 seconds.
[   25.815860] cloud-init[1496]: ci-info: no authorized ssh keys fingerprints found for user ubuntu.
[   25.857839] cloud-init[1496]: Cloud-init v. 18.2 finished at Tue, 24 Jul 2018 08:32:20 +0000. Datasource DataSourceNoCloud [seed=/dev/sdb][dsmode=net].  Up 25.79 seconds
[[0;32m  OK  [0m] Started Execute cloud user/final scripts.
[[0;32m  OK  [0m] Reached target Cloud-init target.

Ubuntu 16.04.4 LTS ubuntu-xenial ttyS0

ubuntu-xenial login: 